This is pdfTeX, Version 3.14159265-2.6-1.40.19 (TeX Live 2018) (preloaded format=pdflatex 2018.4.16)  6 FEB 2020 18:01
entering extended mode
 restricted \write18 enabled.
 file:line:error style messages enabled.
 %&-line parsing enabled.
**Ezinne_writeup.tex
(/Users/yufeng/Developer/STA 723/Case-Study-2-team-3/Deliverables_2/Individual sections/Ezinne_writeup.tex
LaTeX2e <2018-04-01> patch level 2
Babel <3.18> and hyphenation patterns for 84 language(s) loaded.
(/usr/local/texlive/2018/texmf-dist/tex/latex/base/article.cls
Document Class: article 2014/09/29 v1.4h Standard LaTeX document class
(/usr/local/texlive/2018/texmf-dist/tex/latex/base/size10.clo
File: size10.clo 2014/09/29 v1.4h Standard LaTeX file (size option)
)
\c@part=\count80
\c@section=\count81
\c@subsection=\count82
\c@subsubsection=\count83
\c@paragraph=\count84
\c@subparagraph=\count85
\c@figure=\count86
\c@table=\count87
\abovecaptionskip=\skip41
\belowcaptionskip=\skip42
\bibindent=\dimen102
) (/usr/local/texlive/2018/texmf-dist/tex/latex/base/inputenc.sty
Package: inputenc 2018/04/06 v1.3b Input encoding file
\inpenc@prehook=\toks14
\inpenc@posthook=\toks15
) (/usr/local/texlive/2018/texmf-dist/tex/latex/natbib/natbib.sty
Package: natbib 2010/09/13 8.31b (PWD, AO)
\bibhang=\skip43
\bibsep=\skip44
LaTeX Info: Redefining \cite on input line 694.
\c@NAT@ctr=\count88
) (/usr/local/texlive/2018/texmf-dist/tex/latex/graphics/graphicx.sty
Package: graphicx 2017/06/01 v1.1a Enhanced LaTeX Graphics (DPC,SPQR)
 (/usr/local/texlive/2018/texmf-dist/tex/latex/graphics/keyval.sty
Package: keyval 2014/10/28 v1.15 key=value parser (DPC)
\KV@toks@=\toks16
) (/usr/local/texlive/2018/texmf-dist/tex/latex/graphics/graphics.sty
Package: graphics 2017/06/25 v1.2c Standard LaTeX Graphics (DPC,SPQR)
 (/usr/local/texlive/2018/texmf-dist/tex/latex/graphics/trig.sty
Package: trig 2016/01/03 v1.10 sin cos tan (DPC)
) (/usr/local/texlive/2018/texmf-dist/tex/latex/graphics-cfg/graphics.cfg
File: graphics.cfg 2016/06/04 v1.11 sample graphics configuration
)
Package graphics Info: Driver file: pdftex.def on input line 99.
 (/usr/local/texlive/2018/texmf-dist/tex/latex/graphics-def/pdftex.def
File: pdftex.def 2018/01/08 v1.0l Graphics/color driver for pdftex
))
\Gin@req@height=\dimen103
\Gin@req@width=\dimen104
) (/Users/yufeng/Developer/STA 723/Case-Study-2-team-3/Deliverables_2/Individual sections/Ezinne_writeup.aux)
\openout1 = `Ezinne_writeup.aux'.

LaTeX Font Info:    Checking defaults for OML/cmm/m/it on input line 11.
LaTeX Font Info:    ... okay on input line 11.
LaTeX Font Info:    Checking defaults for T1/cmr/m/n on input line 11.
LaTeX Font Info:    ... okay on input line 11.
LaTeX Font Info:    Checking defaults for OT1/cmr/m/n on input line 11.
LaTeX Font Info:    ... okay on input line 11.
LaTeX Font Info:    Checking defaults for OMS/cmsy/m/n on input line 11.
LaTeX Font Info:    ... okay on input line 11.
LaTeX Font Info:    Checking defaults for OMX/cmex/m/n on input line 11.
LaTeX Font Info:    ... okay on input line 11.
LaTeX Font Info:    Checking defaults for U/cmr/m/n on input line 11.
LaTeX Font Info:    ... okay on input line 11.
 (/usr/local/texlive/2018/texmf-dist/tex/context/base/mkii/supp-pdf.mkii
[Loading MPS to PDF converter (version 2006.09.02).]
\scratchcounter=\count89
\scratchdimen=\dimen105
\scratchbox=\box26
\nofMPsegments=\count90
\nofMParguments=\count91
\everyMPshowfont=\toks17
\MPscratchCnt=\count92
\MPscratchDim=\dimen106
\MPnumerator=\count93
\makeMPintoPDFobject=\count94
\everyMPtoPDFconversion=\toks18
) (/usr/local/texlive/2018/texmf-dist/tex/latex/oberdiek/epstopdf-base.sty
Package: epstopdf-base 2016/05/15 v2.6 Base part for package epstopdf
 (/usr/local/texlive/2018/texmf-dist/tex/generic/oberdiek/infwarerr.sty
Package: infwarerr 2016/05/16 v1.4 Providing info/warning/error messages (HO)
) (/usr/local/texlive/2018/texmf-dist/tex/latex/oberdiek/grfext.sty
Package: grfext 2016/05/16 v1.2 Manage graphics extensions (HO)
 (/usr/local/texlive/2018/texmf-dist/tex/generic/oberdiek/kvdefinekeys.sty
Package: kvdefinekeys 2016/05/16 v1.4 Define keys (HO)
 (/usr/local/texlive/2018/texmf-dist/tex/generic/oberdiek/ltxcmds.sty
Package: ltxcmds 2016/05/16 v1.23 LaTeX kernel commands for general use (HO)
))) (/usr/local/texlive/2018/texmf-dist/tex/latex/oberdiek/kvoptions.sty
Package: kvoptions 2016/05/16 v3.12 Key value format for package options (HO)
 (/usr/local/texlive/2018/texmf-dist/tex/generic/oberdiek/kvsetkeys.sty
Package: kvsetkeys 2016/05/16 v1.17 Key value parser (HO)
 (/usr/local/texlive/2018/texmf-dist/tex/generic/oberdiek/etexcmds.sty
Package: etexcmds 2016/05/16 v1.6 Avoid name clashes with e-TeX commands (HO)
 (/usr/local/texlive/2018/texmf-dist/tex/generic/oberdiek/ifluatex.sty
Package: ifluatex 2016/05/16 v1.4 Provides the ifluatex switch (HO)
Package ifluatex Info: LuaTeX not detected.
)
Package etexcmds Info: Could not find \expanded.
(etexcmds)             That can mean that you are not using pdfTeX 1.50 or
(etexcmds)             that some package has redefined \expanded.
(etexcmds)             In the latter case, load this package earlier.
))) (/usr/local/texlive/2018/texmf-dist/tex/generic/oberdiek/pdftexcmds.sty
Package: pdftexcmds 2018/01/30 v0.27 Utility functions of pdfTeX for LuaTeX (HO)
 (/usr/local/texlive/2018/texmf-dist/tex/generic/oberdiek/ifpdf.sty
Package: ifpdf 2017/03/15 v3.2 Provides the ifpdf switch
)
Package pdftexcmds Info: LuaTeX not detected.
Package pdftexcmds Info: \pdf@primitive is available.
Package pdftexcmds Info: \pdf@ifprimitive is available.
Package pdftexcmds Info: \pdfdraftmode found.
)
Package epstopdf-base Info: Redefining graphics rule for `.eps' on input line 438.
Package grfext Info: Graphics extension search list:
(grfext)             [.pdf,.png,.jpg,.mps,.jpeg,.jbig2,.jb2,.PDF,.PNG,.JPG,.JPEG,.JBIG2,.JB2,.eps]
(grfext)             \AppendGraphicsExtensions on input line 456.
 (/usr/local/texlive/2018/texmf-dist/tex/latex/latexconfig/epstopdf-sys.cfg
File: epstopdf-sys.cfg 2010/07/13 v1.3 Configuration of (r)epstopdf for TeX Live
))
LaTeX Font Info:    External font `cmex10' loaded for size
(Font)              <12> on input line 13.
LaTeX Font Info:    External font `cmex10' loaded for size
(Font)              <8> on input line 13.
LaTeX Font Info:    External font `cmex10' loaded for size
(Font)              <6> on input line 13.
LaTeX Font Info:    External font `cmex10' loaded for size
(Font)              <7> on input line 30.
LaTeX Font Info:    External font `cmex10' loaded for size
(Font)              <5> on input line 30.
 [1

{/usr/local/texlive/2018/texmf-var/fonts/map/pdftex/updmap/pdftex.map}]
/Users/yufeng/Developer/STA 723/Case-Study-2-team-3/Deliverables_2/Individual sections/Ezinne_writeup.tex:42: Missing $ inserted.
<inserted text> 
                $
l.42 ...ed the variable \textit{name_host_special}
                                                   as being significant with...
I've inserted a begin-math/end-math symbol since I think
you left one out. Proceed, with fingers crossed.

/Users/yufeng/Developer/STA 723/Case-Study-2-team-3/Deliverables_2/Individual sections/Ezinne_writeup.tex:42: Extra }, or forgotten $.
<recently read> \egroup 
                        
l.42 ...ed the variable \textit{name_host_special}
                                                   as being significant with...
I've deleted a group-closing symbol because it seems to be
spurious, as in `$x}$'. But perhaps the } is legitimate and
you forgot something else, as in `\hbox{$x}'. In such cases
the way to recover is to insert both the forgotten and the
deleted material, e.g., by typing `I$}'.

/Users/yufeng/Developer/STA 723/Case-Study-2-team-3/Deliverables_2/Individual sections/Ezinne_writeup.tex:42: Missing $ inserted.
<inserted text> 
                $
l.42 ...ate was \textit{Room_type:Entire Home/Apt}
                                                  , which had a 0.74 change ...
I've inserted a begin-math/end-math symbol since I think
you left one out. Proceed, with fingers crossed.

/Users/yufeng/Developer/STA 723/Case-Study-2-team-3/Deliverables_2/Individual sections/Ezinne_writeup.tex:42: Extra }, or forgotten $.
\mbox #1->\leavevmode \hbox {#1}
                                
l.42 ...ate was \textit{Room_type:Entire Home/Apt}
                                                  , which had a 0.74 change ...
I've deleted a group-closing symbol because it seems to be
spurious, as in `$x}$'. But perhaps the } is legitimate and
you forgot something else, as in `\hbox{$x}'. In such cases
the way to recover is to insert both the forgotten and the
deleted material, e.g., by typing `I$}'.

/Users/yufeng/Developer/STA 723/Case-Study-2-team-3/Deliverables_2/Individual sections/Ezinne_writeup.tex:42: Extra }, or forgotten $.
\nfss@text #1->{\mbox {#1}}
                           
l.42 ...ate was \textit{Room_type:Entire Home/Apt}
                                                  , which had a 0.74 change ...
I've deleted a group-closing symbol because it seems to be
spurious, as in `$x}$'. But perhaps the } is legitimate and
you forgot something else, as in `\hbox{$x}'. In such cases
the way to recover is to insert both the forgotten and the
deleted material, e.g., by typing `I$}'.

/Users/yufeng/Developer/STA 723/Case-Study-2-team-3/Deliverables_2/Individual sections/Ezinne_writeup.tex:42: Missing $ inserted.
<inserted text> 
                $
l.42 ... number_of_reviews, and listing_sentiment}
                                                  . The variable \textit{lis...
I've inserted a begin-math/end-math symbol since I think
you left one out. Proceed, with fingers crossed.

/Users/yufeng/Developer/STA 723/Case-Study-2-team-3/Deliverables_2/Individual sections/Ezinne_writeup.tex:42: Extra }, or forgotten $.
\mbox #1->\leavevmode \hbox {#1}
                                
l.42 ... number_of_reviews, and listing_sentiment}
                                                  . The variable \textit{lis...
I've deleted a group-closing symbol because it seems to be
spurious, as in `$x}$'. But perhaps the } is legitimate and
you forgot something else, as in `\hbox{$x}'. In such cases
the way to recover is to insert both the forgotten and the
deleted material, e.g., by typing `I$}'.

/Users/yufeng/Developer/STA 723/Case-Study-2-team-3/Deliverables_2/Individual sections/Ezinne_writeup.tex:42: Extra }, or forgotten $.
\nfss@text #1->{\mbox {#1}}
                           
l.42 ... number_of_reviews, and listing_sentiment}
                                                  . The variable \textit{lis...
I've deleted a group-closing symbol because it seems to be
spurious, as in `$x}$'. But perhaps the } is legitimate and
you forgot something else, as in `\hbox{$x}'. In such cases
the way to recover is to insert both the forgotten and the
deleted material, e.g., by typing `I$}'.

/Users/yufeng/Developer/STA 723/Case-Study-2-team-3/Deliverables_2/Individual sections/Ezinne_writeup.tex:42: Missing $ inserted.
<inserted text> 
                $
l.42 ...}. The variable \textit{listing_sentiment}
                                                   had the largest estimate ...
I've inserted a begin-math/end-math symbol since I think
you left one out. Proceed, with fingers crossed.

/Users/yufeng/Developer/STA 723/Case-Study-2-team-3/Deliverables_2/Individual sections/Ezinne_writeup.tex:42: Extra }, or forgotten $.
\mbox #1->\leavevmode \hbox {#1}
                                
l.42 ...}. The variable \textit{listing_sentiment}
                                                   had the largest estimate ...
I've deleted a group-closing symbol because it seems to be
spurious, as in `$x}$'. But perhaps the } is legitimate and
you forgot something else, as in `\hbox{$x}'. In such cases
the way to recover is to insert both the forgotten and the
deleted material, e.g., by typing `I$}'.

/Users/yufeng/Developer/STA 723/Case-Study-2-team-3/Deliverables_2/Individual sections/Ezinne_writeup.tex:42: Extra }, or forgotten $.
\nfss@text #1->{\mbox {#1}}
                           
l.42 ...}. The variable \textit{listing_sentiment}
                                                   had the largest estimate ...
I've deleted a group-closing symbol because it seems to be
spurious, as in `$x}$'. But perhaps the } is legitimate and
you forgot something else, as in `\hbox{$x}'. In such cases
the way to recover is to insert both the forgotten and the
deleted material, e.g., by typing `I$}'.

/Users/yufeng/Developer/STA 723/Case-Study-2-team-3/Deliverables_2/Individual sections/Ezinne_writeup.tex:43: Missing $ inserted.
<inserted text> 
                $
l.43 
     
I've inserted a begin-math/end-math symbol since I think
you left one out. Proceed, with fingers crossed.


/Users/yufeng/Developer/STA 723/Case-Study-2-team-3/Deliverables_2/Individual sections/Ezinne_writeup.tex:47: LaTeX Error: Something's wrong--perhaps a missing \item.

See the LaTeX manual or LaTeX Companion for explanation.
Type  H <return>  for immediate help.
 ...                                              
                                                  
l.47 \subsection
                {Sensitivity}
Try typing  <return>  to proceed.
If that doesn't work, type  X <return>  to quit.


/Users/yufeng/Developer/STA 723/Case-Study-2-team-3/Deliverables_2/Individual sections/Ezinne_writeup.tex:47: LaTeX Error: Something's wrong--perhaps a missing \item.

See the LaTeX manual or LaTeX Companion for explanation.
Type  H <return>  for immediate help.
 ...                                              
                                                  
l.47 \subsection
                {Sensitivity}
Try typing  <return>  to proceed.
If that doesn't work, type  X <return>  to quit.

/Users/yufeng/Developer/STA 723/Case-Study-2-team-3/Deliverables_2/Individual sections/Ezinne_writeup.tex:47: Missing } inserted.
<inserted text> 
                }
l.47 \subsection{Sensitivity}
                             
I've inserted something that you may have forgotten.
(See the <inserted text> above.)
With luck, this will get me unwedged. But if you
really didn't forget anything, try typing `2' now; then
my insertion and my current dilemma will both disappear.

/Users/yufeng/Developer/STA 723/Case-Study-2-team-3/Deliverables_2/Individual sections/Ezinne_writeup.tex:47: Missing $ inserted.
<inserted text> 
                $
l.47 \subsection{Sensitivity}
                             
I've inserted a begin-math/end-math symbol since I think
you left one out. Proceed, with fingers crossed.

/Users/yufeng/Developer/STA 723/Case-Study-2-team-3/Deliverables_2/Individual sections/Ezinne_writeup.tex:47: Missing } inserted.
<inserted text> 
                }
l.47 \subsection{Sensitivity}
                             
I've inserted something that you may have forgotten.
(See the <inserted text> above.)
With luck, this will get me unwedged. But if you
really didn't forget anything, try typing `2' now; then
my insertion and my current dilemma will both disappear.

/Users/yufeng/Developer/STA 723/Case-Study-2-team-3/Deliverables_2/Individual sections/Ezinne_writeup.tex:47: Missing } inserted.
<inserted text> 
                }
l.47 \subsection{Sensitivity}
                             
I've inserted something that you may have forgotten.
(See the <inserted text> above.)
With luck, this will get me unwedged. But if you
really didn't forget anything, try typing `2' now; then
my insertion and my current dilemma will both disappear.

/Users/yufeng/Developer/STA 723/Case-Study-2-team-3/Deliverables_2/Individual sections/Ezinne_writeup.tex:47: Missing $ inserted.
<inserted text> 
                $
l.47 \subsection{Sensitivity}
                             
I've inserted a begin-math/end-math symbol since I think
you left one out. Proceed, with fingers crossed.

/Users/yufeng/Developer/STA 723/Case-Study-2-team-3/Deliverables_2/Individual sections/Ezinne_writeup.tex:47: Missing } inserted.
<inserted text> 
                }
l.47 \subsection{Sensitivity}
                             
I've inserted something that you may have forgotten.
(See the <inserted text> above.)
With luck, this will get me unwedged. But if you
really didn't forget anything, try typing `2' now; then
my insertion and my current dilemma will both disappear.

/Users/yufeng/Developer/STA 723/Case-Study-2-team-3/Deliverables_2/Individual sections/Ezinne_writeup.tex:47: Missing } inserted.
<inserted text> 
                }
l.47 \subsection{Sensitivity}
                             
I've inserted something that you may have forgotten.
(See the <inserted text> above.)
With luck, this will get me unwedged. But if you
really didn't forget anything, try typing `2' now; then
my insertion and my current dilemma will both disappear.

/Users/yufeng/Developer/STA 723/Case-Study-2-team-3/Deliverables_2/Individual sections/Ezinne_writeup.tex:47: Missing $ inserted.
<inserted text> 
                $
l.47 \subsection{Sensitivity}
                             
I've inserted a begin-math/end-math symbol since I think
you left one out. Proceed, with fingers crossed.

/Users/yufeng/Developer/STA 723/Case-Study-2-team-3/Deliverables_2/Individual sections/Ezinne_writeup.tex:47: Missing } inserted.
<inserted text> 
                }
l.47 \subsection{Sensitivity}
                             
I've inserted something that you may have forgotten.
(See the <inserted text> above.)
With luck, this will get me unwedged. But if you
really didn't forget anything, try typing `2' now; then
my insertion and my current dilemma will both disappear.


Overfull \hbox (5571.59921pt too wide) in paragraph at lines 42--47
\OT1/cmr/m/n/10 oughs are very in-flu-en-tial fac-tors. BMA flagged the vari-able \OT1/cmr/m/it/10 name$[]\OML/cmm/m/it/10 ost[]pecialasbeingsignificantwiththehighestvaluefortheestimatedeffectonpricebeinga\OT1/cmr/m/n/10 10\OML/cmm/m/it/10 :\OT1/cmr/m/n/10 42\OML/cmm/m/it/10 increaseintheaveragelogpricegiventhatthenameofthehostwasnotcommonwhileholdingallothervariablesinthemodelconstant:Thenextlargestestimatewas[]$ 
 []

[2] [3] (/Users/yufeng/Developer/STA 723/Case-Study-2-team-3/Deliverables_2/Individual sections/Ezinne_writeup.aux) )
(\end occurred inside a group at level 1)

### simple group (level 1) entered at line 42 ({)
### bottom level 
Here is how much of TeX's memory you used:
 1787 strings out of 492649
 25929 string characters out of 6129622
 92374 words of memory out of 5000000
 5672 multiletter control sequences out of 15000+600000
 7933 words of font info for 28 fonts, out of 8000000 for 9000
 1141 hyphenation exceptions out of 8191
 41i,10n,25p,1249b,189s stack positions out of 5000i,500n,10000p,200000b,80000s
</usr/local/texlive/2018/texmf-dist/fonts/type1/public/amsfonts/cm/cmbx12.pfb></usr/local/texlive/2018/texmf-dist/fonts/type1/public/amsfonts/cm/cmmi10.pfb></usr/local/texlive/2018/texmf-dist/fonts/type1/public/amsfonts/cm/cmmi7.pfb></usr/local/texlive/2018/texmf-dist/fonts/type1/public/amsfonts/cm/cmr10.pfb></usr/local/texlive/2018/texmf-dist/fonts/type1/public/amsfonts/cm/cmr12.pfb></usr/local/texlive/2018/texmf-dist/fonts/type1/public/amsfonts/cm/cmr17.pfb></usr/local/texlive/2018/texmf-dist/fonts/type1/public/amsfonts/cm/cmr7.pfb></usr/local/texlive/2018/texmf-dist/fonts/type1/public/amsfonts/cm/cmsy10.pfb></usr/local/texlive/2018/texmf-dist/fonts/type1/public/amsfonts/cm/cmti10.pfb>
Output written on "/Users/yufeng/Developer/STA 723/Case-Study-2-team-3/Deliverables_2/Individual sections/Ezinne_writeup.pdf" (3 pages, 120019 bytes).
PDF statistics:
 50 PDF objects out of 1000 (max. 8388607)
 35 compressed objects within 1 object stream
 0 named destinations out of 1000 (max. 500000)
 1 words of extra memory for PDF output out of 10000 (max. 10000000)

